2025-07-24 01:56:23 +07:00: 🚀 LINE Bot API Server running on port 4001
2025-07-24 01:56:23 +07:00: 📊 GraphQL endpoint: http://localhost:4001/graphql
2025-07-24 01:56:23 +07:00: 🔗 Webhook endpoint: http://localhost:4001/webhook
2025-07-24 01:56:23 +07:00: 🧪 Test endpoint: http://localhost:4001/webhook/test
2025-07-24 01:56:23 +07:00: 💚 Health check: http://localhost:4001/health
2025-07-24 01:56:53 +07:00: Received event: {
2025-07-24 01:56:53 +07:00:   "type": "message",
2025-07-24 01:56:53 +07:00:   "message": {
2025-07-24 01:56:53 +07:00:     "type": "text",
2025-07-24 01:56:53 +07:00:     "text": "Test message from server"
2025-07-24 01:56:53 +07:00:   },
2025-07-24 01:56:53 +07:00:   "replyToken": "test-token-123",
2025-07-24 01:56:53 +07:00:   "source": {
2025-07-24 01:56:53 +07:00:     "userId": "test-user-123",
2025-07-24 01:56:53 +07:00:     "type": "user"
2025-07-24 01:56:53 +07:00:   }
2025-07-24 01:56:53 +07:00: }
2025-07-24 01:56:53 +07:00: Received text message from test-user-123: Test message from server
2025-07-24 01:56:53 +07:00: เก็บข้อความใหม่: Test message from server จากผู้ใช้: test-user-123
2025-07-24 01:56:53 +07:00: Test message, skipping reply
2025-07-24 01:57:33 +07:00: 🚀 LINE Bot API Server running on port 4001
2025-07-24 01:57:33 +07:00: 📊 GraphQL endpoint: http://localhost:4001/graphql
2025-07-24 01:57:33 +07:00: 🔗 Webhook endpoint: http://localhost:4001/webhook
2025-07-24 01:57:33 +07:00: 🧪 Test endpoint: http://localhost:4001/webhook/test
2025-07-24 01:57:33 +07:00: 💚 Health check: http://localhost:4001/health
2025-07-24 01:57:37 +07:00: 🚀 LINE Bot API Server running on port 4001
2025-07-24 01:57:37 +07:00: 📊 GraphQL endpoint: http://localhost:4001/graphql
2025-07-24 01:57:37 +07:00: 🔗 Webhook endpoint: http://localhost:4001/webhook
2025-07-24 01:57:37 +07:00: 🧪 Test endpoint: http://localhost:4001/webhook/test
2025-07-24 01:57:37 +07:00: 💚 Health check: http://localhost:4001/health
2025-07-24 01:58:09 +07:00: 🚀 LINE Bot API Server running on port 4001
2025-07-24 01:58:09 +07:00: 📊 GraphQL endpoint: http://localhost:4001/graphql
2025-07-24 01:58:09 +07:00: 🔗 Webhook endpoint: http://localhost:4001/webhook
2025-07-24 01:58:09 +07:00: 🧪 Test endpoint: http://localhost:4001/webhook/test
2025-07-24 01:58:09 +07:00: 💚 Health check: http://localhost:4001/health
2025-07-24 01:58:38 +07:00: 🚀 LINE Bot API Server running on port 4001
2025-07-24 01:58:38 +07:00: 📊 GraphQL endpoint: http://localhost:4001/graphql
2025-07-24 01:58:38 +07:00: 🔗 Webhook endpoint: http://localhost:4001/webhook
2025-07-24 01:58:38 +07:00: 🧪 Test endpoint: http://localhost:4001/webhook/test
2025-07-24 01:58:38 +07:00: 💚 Health check: http://localhost:4001/health
2025-07-24 01:59:28 +07:00: 🚀 LINE Bot API Server running on port 4000
2025-07-24 01:59:28 +07:00: 📊 GraphQL endpoint: http://localhost:4000/graphql
2025-07-24 01:59:28 +07:00: 🔗 Webhook endpoint: http://localhost:4000/webhook
2025-07-24 01:59:28 +07:00: 🧪 Test endpoint: http://localhost:4000/webhook/test
2025-07-24 01:59:28 +07:00: 💚 Health check: http://localhost:4000/health
2025-07-24 01:59:44 +07:00: Received event: {
2025-07-24 01:59:44 +07:00:   "type": "message",
2025-07-24 01:59:44 +07:00:   "message": {
2025-07-24 01:59:44 +07:00:     "type": "text",
2025-07-24 01:59:44 +07:00:     "text": "Test message from server"
2025-07-24 01:59:44 +07:00:   },
2025-07-24 01:59:44 +07:00:   "replyToken": "test-token-123",
2025-07-24 01:59:44 +07:00:   "source": {
2025-07-24 01:59:44 +07:00:     "userId": "test-user-123",
2025-07-24 01:59:44 +07:00:     "type": "user"
2025-07-24 01:59:44 +07:00:   }
2025-07-24 01:59:44 +07:00: }
2025-07-24 01:59:44 +07:00: Received text message from test-user-123: Test message from server
2025-07-24 01:59:44 +07:00: เก็บข้อความใหม่: Test message from server จากผู้ใช้: test-user-123
2025-07-24 01:59:44 +07:00: Test message, skipping reply
2025-07-24 02:02:55 +07:00: 🚀 LINE Bot API Server running on port 4000
2025-07-24 02:02:55 +07:00: 📊 GraphQL endpoint: http://localhost:4000/graphql
2025-07-24 02:02:55 +07:00: 🔗 Webhook endpoint: http://localhost:4000/webhook
2025-07-24 02:02:55 +07:00: 🧪 Test endpoint: http://localhost:4000/webhook/test
2025-07-24 02:02:55 +07:00: 💚 Health check: http://localhost:4000/health
2025-07-24 02:02:59 +07:00: Received 0 webhook events (test mode)
2025-07-24 02:04:56 +07:00: 🚀 LINE Bot API Server running on port 4000
2025-07-24 02:04:56 +07:00: 📊 GraphQL endpoint: http://localhost:4000/graphql
2025-07-24 02:04:56 +07:00: 🔗 Webhook endpoint: http://localhost:4000/webhook
2025-07-24 02:04:56 +07:00: 🧪 Test endpoint: http://localhost:4000/webhook/test
2025-07-24 02:04:56 +07:00: 💚 Health check: http://localhost:4000/health
2025-07-24 02:05:36 +07:00: 🚀 LINE Bot API Server running on port 4000
2025-07-24 02:05:36 +07:00: 📊 GraphQL endpoint: http://localhost:4000/graphql
2025-07-24 02:05:36 +07:00: 🔗 Webhook endpoint: http://localhost:4000/webhook
2025-07-24 02:05:36 +07:00: 🧪 Test endpoint: http://localhost:4000/webhook/test
2025-07-24 02:05:36 +07:00: 💚 Health check: http://localhost:4000/health
2025-07-24 02:07:11 +07:00: 🚀 LINE Bot API Server running on port 4000
2025-07-24 02:07:11 +07:00: 📊 GraphQL endpoint: http://localhost:4000/graphql
2025-07-24 02:07:11 +07:00: 🔗 Webhook endpoint: http://localhost:4000/webhook
2025-07-24 02:07:11 +07:00: 🧪 Test endpoint: http://localhost:4000/webhook/test
2025-07-24 02:07:11 +07:00: 💚 Health check: http://localhost:4000/health
2025-07-24 02:09:15 +07:00: 🚀 LINE Bot API Server running on port 4000
2025-07-24 02:09:15 +07:00: 📊 GraphQL endpoint: http://localhost:4000/graphql
2025-07-24 02:09:15 +07:00: 🔗 Webhook endpoint: http://localhost:4000/webhook
2025-07-24 02:09:15 +07:00: 🧪 Test endpoint: http://localhost:4000/webhook/test
2025-07-24 02:09:15 +07:00: 💚 Health check: http://localhost:4000/health
2025-07-24 02:10:40 +07:00: 🚀 LINE Bot API Server running on port 4000
2025-07-24 02:10:40 +07:00: 📊 GraphQL endpoint: http://localhost:4000/graphql
2025-07-24 02:10:40 +07:00: 🔗 Webhook endpoint: http://localhost:4000/webhook
2025-07-24 02:10:40 +07:00: 🧪 Test endpoint: http://localhost:4000/webhook/test
2025-07-24 02:10:40 +07:00: 💚 Health check: http://localhost:4000/health
2025-07-24 02:11:46 +07:00: 🚀 LINE Bot API Server running on port 4000
2025-07-24 02:11:46 +07:00: 📊 GraphQL endpoint: http://localhost:4000/graphql
2025-07-24 02:11:46 +07:00: 🔗 Webhook endpoint: http://localhost:4000/webhook
2025-07-24 02:11:46 +07:00: 🧪 Test endpoint: http://localhost:4000/webhook/test
2025-07-24 02:11:46 +07:00: 💚 Health check: http://localhost:4000/health
2025-07-24 02:12:23 +07:00: 🚀 LINE Bot API Server running on port 4000
2025-07-24 02:12:23 +07:00: 📊 GraphQL endpoint: http://localhost:4000/graphql
2025-07-24 02:12:23 +07:00: 🔗 Webhook endpoint: http://localhost:4000/webhook
2025-07-24 02:12:23 +07:00: 🧪 Test endpoint: http://localhost:4000/webhook/test
2025-07-24 02:12:23 +07:00: 💚 Health check: http://localhost:4000/health
2025-07-24 02:15:48 +07:00: 🚀 LINE Bot API Server running on port 4000
2025-07-24 02:15:48 +07:00: 📊 GraphQL endpoint: http://localhost:4000/graphql
2025-07-24 02:15:48 +07:00: 🔗 Webhook endpoint: http://localhost:4000/webhook
2025-07-24 02:15:48 +07:00: 🧪 Test endpoint: http://localhost:4000/webhook/test
2025-07-24 02:15:48 +07:00: 💚 Health check: http://localhost:4000/health
2025-07-24 02:15:55 +07:00: Received 0 webhook events
2025-07-24 02:15:55 +07:00: Webhook processing results: []
2025-07-24 02:16:06 +07:00: Received 1 webhook events
2025-07-24 02:16:06 +07:00: Received event: {
2025-07-24 02:16:06 +07:00:   "type": "message",
2025-07-24 02:16:06 +07:00:   "message": {
2025-07-24 02:16:06 +07:00:     "type": "text",
2025-07-24 02:16:06 +07:00:     "id": "571208608310624325",
2025-07-24 02:16:06 +07:00:     "quoteToken": "wjQL2ZS7fWT9CBCOWjSfsk2U4rOqIYRJfO51dXCS34cbP8kCC3v-norR49gMdJ8AEDltXEVlE-8pP9rPGJ1HfK9ZyevFAdncRPHt9pLnfuNauxgaKv0zb6sM81fMQRI3k9lhUbE61L2LljJQ-PG5UQ",
2025-07-24 02:16:06 +07:00:     "text": "สวัสดี"
2025-07-24 02:16:06 +07:00:   },
2025-07-24 02:16:06 +07:00:   "webhookEventId": "01K0WBDRMYTP8X41E9HSWGB7C8",
2025-07-24 02:16:06 +07:00:   "deliveryContext": {
2025-07-24 02:16:06 +07:00:     "isRedelivery": false
2025-07-24 02:16:06 +07:00:   },
2025-07-24 02:16:06 +07:00:   "timestamp": 1753298165923,
2025-07-24 02:16:06 +07:00:   "source": {
2025-07-24 02:16:06 +07:00:     "type": "user",
2025-07-24 02:16:06 +07:00:     "userId": "Ud6f275bfc4e5f8a113c10e05a2df80f8"
2025-07-24 02:16:06 +07:00:   },
2025-07-24 02:16:06 +07:00:   "replyToken": "ca6b214f554348179980d2b3d6c5aeeb",
2025-07-24 02:16:06 +07:00:   "mode": "active"
2025-07-24 02:16:06 +07:00: }
2025-07-24 02:16:06 +07:00: Received text message from Ud6f275bfc4e5f8a113c10e05a2df80f8: สวัสดี
2025-07-24 02:16:06 +07:00: เก็บข้อความใหม่: สวัสดี จากผู้ใช้: Ud6f275bfc4e5f8a113c10e05a2df80f8
2025-07-24 02:16:07 +07:00: Flex reply result: {
2025-07-24 02:16:07 +07:00:   success: true,
2025-07-24 02:16:07 +07:00:   message: 'Flex reply sent successfully',
2025-07-24 02:16:07 +07:00:   sentMessages: 1
2025-07-24 02:16:07 +07:00: }
2025-07-24 02:16:07 +07:00: Webhook processing results: [
2025-07-24 02:16:07 +07:00:   {
2025-07-24 02:16:07 +07:00:     success: true,
2025-07-24 02:16:07 +07:00:     message: 'Flex reply sent successfully',
2025-07-24 02:16:07 +07:00:     sentMessages: 1
2025-07-24 02:16:07 +07:00:   }
2025-07-24 02:16:07 +07:00: ]
2025-07-24 02:16:33 +07:00: Received 1 webhook events
2025-07-24 02:16:33 +07:00: Received event: {
2025-07-24 02:16:33 +07:00:   "type": "message",
2025-07-24 02:16:33 +07:00:   "message": {
2025-07-24 02:16:33 +07:00:     "type": "image",
2025-07-24 02:16:33 +07:00:     "id": "571208653256785921",
2025-07-24 02:16:33 +07:00:     "quoteToken": "1alXZd8UM3pW9gmCiv6Rn5LMEWOFrN7QU6WHI2b_4QhnnmdYQCyT3FNg5P4RjWdofrjKhQtaJugLf2u9rcVnJ98gDktSkrajlZwQKEDUPjG4CgYa3UWqoMKuopp-lUt7DSXMqFuGfgZaTla4HY4Ueg",
2025-07-24 02:16:33 +07:00:     "contentProvider": {
2025-07-24 02:16:33 +07:00:       "type": "line"
2025-07-24 02:16:33 +07:00:     }
2025-07-24 02:16:33 +07:00:   },
2025-07-24 02:16:33 +07:00:   "webhookEventId": "01K0WBEJP2X7TQRH00XKQPBXKJ",
2025-07-24 02:16:33 +07:00:   "deliveryContext": {
2025-07-24 02:16:33 +07:00:     "isRedelivery": false
2025-07-24 02:16:33 +07:00:   },
2025-07-24 02:16:33 +07:00:   "timestamp": 1753298192996,
2025-07-24 02:16:33 +07:00:   "source": {
2025-07-24 02:16:33 +07:00:     "type": "user",
2025-07-24 02:16:33 +07:00:     "userId": "Ud6f275bfc4e5f8a113c10e05a2df80f8"
2025-07-24 02:16:33 +07:00:   },
2025-07-24 02:16:33 +07:00:   "replyToken": "e62c4feb1c6d4073b8d3c36b285afae5",
2025-07-24 02:16:33 +07:00:   "mode": "active"
2025-07-24 02:16:33 +07:00: }
2025-07-24 02:16:33 +07:00: Image message from Ud6f275bfc4e5f8a113c10e05a2df80f8, messageId: 571208653256785921
2025-07-24 02:16:34 +07:00: Webhook processing results: [
2025-07-24 02:16:34 +07:00:   {
2025-07-24 02:16:34 +07:00:     success: true,
2025-07-24 02:16:34 +07:00:     message: 'Flex reply sent successfully',
2025-07-24 02:16:34 +07:00:     sentMessages: 1
2025-07-24 02:16:34 +07:00:   }
2025-07-24 02:16:34 +07:00: ]
2025-07-24 02:18:06 +07:00: 🚀 LINE Bot API Server running on port 4000
2025-07-24 02:18:06 +07:00: 📊 GraphQL endpoint: http://localhost:4000/graphql
2025-07-24 02:18:06 +07:00: 🔗 Webhook endpoint: http://localhost:4000/webhook
2025-07-24 02:18:06 +07:00: 🧪 Test endpoint: http://localhost:4000/webhook/test
2025-07-24 02:18:06 +07:00: 💚 Health check: http://localhost:4000/health
2025-07-24 02:18:14 +07:00: Received 1 webhook events
2025-07-24 02:18:14 +07:00: Received event: {
2025-07-24 02:18:14 +07:00:   "type": "message",
2025-07-24 02:18:14 +07:00:   "message": {
2025-07-24 02:18:14 +07:00:     "type": "image",
2025-07-24 02:18:14 +07:00:     "id": "571208823411310610",
2025-07-24 02:18:14 +07:00:     "quoteToken": "xJSrmThH5POE0HX5cBS3AVYMyYW-N_oxRjHcTTr6DyZJvBnEiz_kFiEI94jQWNPlwP2rPd0qYi_4lN69odN7GwrgN9qfy25nZ4jYQOcUeooehDc9wLm6JzaSyQTmG4muNLLhRgT0bkW1aKfzqUcxgw",
2025-07-24 02:18:14 +07:00:     "contentProvider": {
2025-07-24 02:18:14 +07:00:       "type": "line"
2025-07-24 02:18:14 +07:00:     }
2025-07-24 02:18:14 +07:00:   },
2025-07-24 02:18:14 +07:00:   "webhookEventId": "01K0WBHNQ0W987F5PGZE8SS091",
2025-07-24 02:18:14 +07:00:   "deliveryContext": {
2025-07-24 02:18:14 +07:00:     "isRedelivery": false
2025-07-24 02:18:14 +07:00:   },
2025-07-24 02:18:14 +07:00:   "timestamp": 1753298294357,
2025-07-24 02:18:14 +07:00:   "source": {
2025-07-24 02:18:14 +07:00:     "type": "user",
2025-07-24 02:18:14 +07:00:     "userId": "Ud6f275bfc4e5f8a113c10e05a2df80f8"
2025-07-24 02:18:14 +07:00:   },
2025-07-24 02:18:14 +07:00:   "replyToken": "62d8daee5152413bb2776fd79ad621b7",
2025-07-24 02:18:14 +07:00:   "mode": "active"
2025-07-24 02:18:14 +07:00: }
2025-07-24 02:18:14 +07:00: Image message from Ud6f275bfc4e5f8a113c10e05a2df80f8, messageId: 571208823411310610
2025-07-24 02:18:15 +07:00: Webhook processing results: [
2025-07-24 02:18:15 +07:00:   {
2025-07-24 02:18:15 +07:00:     success: true,
2025-07-24 02:18:15 +07:00:     message: 'Flex reply sent successfully',
2025-07-24 02:18:15 +07:00:     sentMessages: 1
2025-07-24 02:18:15 +07:00:   }
2025-07-24 02:18:15 +07:00: ]
2025-07-24 02:19:02 +07:00: 🚀 LINE Bot API Server running on port 4000
2025-07-24 02:19:02 +07:00: 📊 GraphQL endpoint: http://localhost:4000/graphql
2025-07-24 02:19:02 +07:00: 🔗 Webhook endpoint: http://localhost:4000/webhook
2025-07-24 02:19:02 +07:00: 🧪 Test endpoint: http://localhost:4000/webhook/test
2025-07-24 02:19:02 +07:00: 💚 Health check: http://localhost:4000/health
2025-07-24 02:19:08 +07:00: Received 1 webhook events
2025-07-24 02:19:08 +07:00: Received event: {
2025-07-24 02:19:08 +07:00:   "type": "message",
2025-07-24 02:19:08 +07:00:   "message": {
2025-07-24 02:19:08 +07:00:     "type": "image",
2025-07-24 02:19:08 +07:00:     "id": "571208913303633938",
2025-07-24 02:19:08 +07:00:     "quoteToken": "jNuRMHkyUjrPssAJG2h0I9hEImrEexbRRub__zyrUUdMsSa0ExWAb-6u8oN7CH9IifYzseSTtg9qZr7XXi9n7dpMc-k5xHBZnDmqRKnpq-lKlBZRmuaBOPLHHJHk8_81XsygdHoCDN7cil-CvzNcLg",
2025-07-24 02:19:08 +07:00:     "contentProvider": {
2025-07-24 02:19:08 +07:00:       "type": "line"
2025-07-24 02:19:08 +07:00:     }
2025-07-24 02:19:08 +07:00:   },
2025-07-24 02:19:08 +07:00:   "webhookEventId": "01K0WBK9ZT639Y3G4P69370VX7",
2025-07-24 02:19:08 +07:00:   "deliveryContext": {
2025-07-24 02:19:08 +07:00:     "isRedelivery": false
2025-07-24 02:19:08 +07:00:   },
2025-07-24 02:19:08 +07:00:   "timestamp": 1753298347995,
2025-07-24 02:19:08 +07:00:   "source": {
2025-07-24 02:19:08 +07:00:     "type": "user",
2025-07-24 02:19:08 +07:00:     "userId": "Ud6f275bfc4e5f8a113c10e05a2df80f8"
2025-07-24 02:19:08 +07:00:   },
2025-07-24 02:19:08 +07:00:   "replyToken": "e50cae982e444ceb92c2150f1bfc332a",
2025-07-24 02:19:08 +07:00:   "mode": "active"
2025-07-24 02:19:08 +07:00: }
2025-07-24 02:19:08 +07:00: Image message from Ud6f275bfc4e5f8a113c10e05a2df80f8, messageId: 571208913303633938
2025-07-24 02:19:09 +07:00: เก็บข้อความใหม่: ทันกระแส
2025-07-24 02:19:09 +07:00: วันนี้มีอะไร
2025-07-24 02:19:09 +07:00: อัปเดดข่าวไว ดราม่รื้อ ทรนด์มาแรง
2025-07-24 02:19:09 +07:00: รู้ทันใน 1 นาที จากผู้ใช้: Ud6f275bfc4e5f8a113c10e05a2df80f8
2025-07-24 02:19:09 +07:00: OCR Flex reply result: {
2025-07-24 02:19:09 +07:00:   success: true,
2025-07-24 02:19:09 +07:00:   message: 'Flex reply sent successfully',
2025-07-24 02:19:09 +07:00:   sentMessages: 1
2025-07-24 02:19:09 +07:00: }
2025-07-24 02:19:09 +07:00: Webhook processing results: [
2025-07-24 02:19:09 +07:00:   {
2025-07-24 02:19:09 +07:00:     success: true,
2025-07-24 02:19:09 +07:00:     message: 'Flex reply sent successfully',
2025-07-24 02:19:09 +07:00:     sentMessages: 1
2025-07-24 02:19:09 +07:00:   }
2025-07-24 02:19:09 +07:00: ]
2025-07-24 02:19:21 +07:00: Received 1 webhook events
2025-07-24 02:19:21 +07:00: Received event: {
2025-07-24 02:19:21 +07:00:   "type": "message",
2025-07-24 02:19:21 +07:00:   "message": {
2025-07-24 02:19:21 +07:00:     "type": "image",
2025-07-24 02:19:21 +07:00:     "id": "571208933906055305",
2025-07-24 02:19:21 +07:00:     "quoteToken": "UFiYMxaSYLoQPR5AkZxD3O6Kplyv3SJ67HEH2fhMpvbhIKJf3tiC_bxgpYxxXhjQ61DBHWQ0a6aWfhr02jtT6DZXxB_HRQCDGrePY-nEcj7rifhDTsjS8nFwWLmRJxu7-lPcjY248ceTHd2QPgfrLw",
2025-07-24 02:19:21 +07:00:     "contentProvider": {
2025-07-24 02:19:21 +07:00:       "type": "line"
2025-07-24 02:19:21 +07:00:     }
2025-07-24 02:19:21 +07:00:   },
2025-07-24 02:19:21 +07:00:   "webhookEventId": "01K0WBKPGN3Z1ZT67NSW3ZPPAX",
2025-07-24 02:19:21 +07:00:   "deliveryContext": {
2025-07-24 02:19:21 +07:00:     "isRedelivery": false
2025-07-24 02:19:21 +07:00:   },
2025-07-24 02:19:21 +07:00:   "timestamp": 1753298360347,
2025-07-24 02:19:21 +07:00:   "source": {
2025-07-24 02:19:21 +07:00:     "type": "user",
2025-07-24 02:19:21 +07:00:     "userId": "Ud6f275bfc4e5f8a113c10e05a2df80f8"
2025-07-24 02:19:21 +07:00:   },
2025-07-24 02:19:21 +07:00:   "replyToken": "4ac470fee1c94ae78ec9e21b4b2ed0fc",
2025-07-24 02:19:21 +07:00:   "mode": "active"
2025-07-24 02:19:21 +07:00: }
2025-07-24 02:19:21 +07:00: Image message from Ud6f275bfc4e5f8a113c10e05a2df80f8, messageId: 571208933906055305
2025-07-24 02:19:22 +07:00: เก็บข้อความใหม่: ถึงชีวิต
2025-07-24 02:19:22 +07:00: จะไม่ดีพร้อม
2025-07-24 02:19:22 +07:00: แต่ก็พร้อมจะดิ้นรน
2025-07-24 02:19:22 +07:00: จนกว่าจะมี จากผู้ใช้: Ud6f275bfc4e5f8a113c10e05a2df80f8
2025-07-24 02:19:22 +07:00: OCR Flex reply result: {
2025-07-24 02:19:22 +07:00:   success: true,
2025-07-24 02:19:22 +07:00:   message: 'Flex reply sent successfully',
2025-07-24 02:19:22 +07:00:   sentMessages: 1
2025-07-24 02:19:22 +07:00: }
2025-07-24 02:19:22 +07:00: Webhook processing results: [
2025-07-24 02:19:22 +07:00:   {
2025-07-24 02:19:22 +07:00:     success: true,
2025-07-24 02:19:22 +07:00:     message: 'Flex reply sent successfully',
2025-07-24 02:19:22 +07:00:     sentMessages: 1
2025-07-24 02:19:22 +07:00:   }
2025-07-24 02:19:22 +07:00: ]
